
> karim-port@0.1.0 build
> next build

   ▲ Next.js 15.5.9
   - Environments: .env.local

   Creating an optimized production build ...
 ✓ Compiled successfully in 4.4s
   Linting and checking validity of types ...
   Collecting page data ...
   Generating static pages (0/39) ...
 ⨯ useSearchParams() should be wrapped in a suspense boundary at page "/auth/error". Read more: https://nextjs.org/docs/messages/missing-suspense-with-csr-bailout
    at g (C:\Users\karim\Documents\Second Year Fontys\Frontend 1 Semester\Karimmassaoud_Portfolio\karim-port\.next\server\chunks\1710.js:1:79665)
    at m (C:\Users\karim\Documents\Second Year Fontys\Frontend 1 Semester\Karimmassaoud_Portfolio\karim-port\.next\server\chunks\1710.js:6:20131)
    at f (C:\Users\karim\Documents\Second Year Fontys\Frontend 1 Semester\Karimmassaoud_Portfolio\karim-port\.next\server\app\auth\error\page.js:11:1032)
    at n3 (C:\Users\karim\Documents\Second Year Fontys\Frontend 1 Semester\Karimmassaoud_Portfolio\karim-port\node_modules\.pnpm\next@15.5.9_react-dom@19.1.0_react@19.1.0__react@19.1.0\node_modules\next\dist\compiled\next-server\app-page.runtime.prod.js:2:82831)
    at n6 (C:\Users\karim\Documents\Second Year Fontys\Frontend 1 Semester\Karimmassaoud_Portfolio\karim-port\node_modules\.pnpm\next@15.5.9_react-dom@19.1.0_react@19.1.0__react@19.1.0\node_modules\next\dist\compiled\next-server\app-page.runtime.prod.js:2:84601)
    at n5 (C:\Users\karim\Documents\Second Year Fontys\Frontend 1 Semester\Karimmassaoud_Portfolio\karim-port\node_modules\.pnpm\next@15.5.9_react-dom@19.1.0_react@19.1.0__react@19.1.0\node_modules\next\dist\compiled\next-server\app-page.runtime.prod.js:2:104801)
    at n7 (C:\Users\karim\Documents\Second Year Fontys\Frontend 1 Semester\Karimmassaoud_Portfolio\karim-port\node_modules\.pnpm\next@15.5.9_react-dom@19.1.0_react@19.1.0__react@19.1.0\node_modules\next\dist\compiled\next-server\app-page.runtime.prod.js:2:102219)
    at n8 (C:\Users\karim\Documents\Second Year Fontys\Frontend 1 Semester\Karimmassaoud_Portfolio\karim-port\node_modules\.pnpm\next@15.5.9_react-dom@19.1.0_react@19.1.0__react@19.1.0\node_modules\next\dist\compiled\next-server\app-page.runtime.prod.js:2:83183)
    at n6 (C:\Users\karim\Documents\Second Year Fontys\Frontend 1 Semester\Karimmassaoud_Portfolio\karim-port\node_modules\.pnpm\next@15.5.9_react-dom@19.1.0_react@19.1.0__react@19.1.0\node_modules\next\dist\compiled\next-server\app-page.runtime.prod.js:2:84647)
    at n6 (C:\Users\karim\Documents\Second Year Fontys\Frontend 1 Semester\Karimmassaoud_Portfolio\karim-port\node_modules\.pnpm\next@15.5.9_react-dom@19.1.0_react@19.1.0__react@19.1.0\node_modules\next\dist\compiled\next-server\app-page.runtime.prod.js:2:101560)
Error occurred prerendering page "/auth/error". Read more: https://nextjs.org/docs/messages/prerender-error
Export encountered an error on /auth/error/page: /auth/error, exiting the build.
 ⨯ Next.js build worker exited with code: 1 and signal: null
